12:27:31.633 [pool-2-thread-2] INFO  BaseLogger - Loaded freight van #1 get in queue.
12:27:31.643 [pool-2-thread-5] INFO  BaseLogger - Unloaded freight van #4 get in queue.
12:27:31.643 [pool-2-thread-4] INFO  BaseLogger - Loaded freight van #3 get in queue.
12:27:31.645 [pool-2-thread-6] INFO  BaseLogger - Unloaded freight van #5 get in queue.
12:27:31.648 [pool-2-thread-8] INFO  BaseLogger - Loaded with perishable goods freight van #7 get in queue.
12:27:31.649 [pool-2-thread-10] INFO  BaseLogger - Loaded with perishable goods freight van #9 get in queue.
12:27:31.650 [pool-2-thread-3] INFO  BaseLogger - Loaded freight van #2 get in queue.
12:27:31.644 [pool-2-thread-1] INFO  BaseLogger - Loaded freight van #0 get in queue.
12:27:31.653 [pool-2-thread-7] INFO  BaseLogger - Loaded with perishable goods freight van #6 get in queue.
12:27:31.655 [pool-2-thread-9] INFO  BaseLogger - Loaded with perishable goods freight van #8 get in queue.
12:27:31.658 [pool-2-thread-8] INFO  BaseLogger - Loaded with perishable goods freight van #7 unloads.
12:27:31.658 [pool-2-thread-10] INFO  BaseLogger - Loaded with perishable goods freight van #9 unloads.
12:27:36.660 [pool-2-thread-8] INFO  BaseLogger - Unloaded freight van #7 leave terminal.
12:27:36.660 [pool-2-thread-10] INFO  BaseLogger - Unloaded freight van #9 leave terminal.
12:27:36.660 [pool-2-thread-7] INFO  BaseLogger - Loaded with perishable goods freight van #6 unloads.
12:27:36.660 [pool-2-thread-9] INFO  BaseLogger - Loaded with perishable goods freight van #8 unloads.
12:27:41.662 [pool-2-thread-7] INFO  BaseLogger - Unloaded freight van #6 leave terminal.
12:27:41.662 [pool-2-thread-2] INFO  BaseLogger - Loaded freight van #1 unloads.
12:27:41.662 [pool-2-thread-9] INFO  BaseLogger - Unloaded freight van #8 leave terminal.
12:27:41.662 [pool-2-thread-5] INFO  BaseLogger - Unloaded freight van #4 loads.
12:27:46.664 [pool-2-thread-5] INFO  BaseLogger - Loaded freight van #4 leave terminal.
12:27:46.664 [pool-2-thread-4] INFO  BaseLogger - Loaded freight van #3 unloads.
12:27:46.664 [pool-2-thread-2] INFO  BaseLogger - Unloaded freight van #1 leave terminal.
12:27:46.664 [pool-2-thread-6] INFO  BaseLogger - Unloaded freight van #5 loads.
12:27:51.672 [pool-2-thread-4] INFO  BaseLogger - Unloaded freight van #3 leave terminal.
12:27:51.672 [pool-2-thread-3] INFO  BaseLogger - Loaded freight van #2 unloads.
12:27:51.672 [pool-2-thread-6] INFO  BaseLogger - Loaded freight van #5 leave terminal.
12:27:51.672 [pool-2-thread-1] INFO  BaseLogger - Loaded freight van #0 unloads.
12:27:56.676 [pool-2-thread-1] INFO  BaseLogger - Unloaded freight van #0 leave terminal.
12:27:56.676 [pool-2-thread-3] INFO  BaseLogger - Unloaded freight van #2 leave terminal.
